<?xml version="1.0" encoding="UTF-8"?>
<testsuite name="example.CabInvoiceTests" tests="1" skipped="0" failures="0" errors="0" timestamp="2021-09-26T05:24:28" hostname="DESKTOP-M71IR21" time="0.009">
  <properties/>
  <testcase name="givenMultipleRides_shouldReturnTotalAggregate" classname="example.CabInvoiceTests" time="0.009"/>
  <system-out><![CDATA[]]></system-out>
  <system-err><![CDATA[]]></system-err>
</testsuite>
